This file contains any messages produced by compilers while
running configure, to aid debugging if configure makes a mistake.

It was created by randdataset configure 1.0.1, which was
generated by GNU Autoconf 2.63.  Invocation command line was

  $ ./configure 

## --------- ##
## Platform. ##
## --------- ##

hostname = internal.hostname.DOMAIN.com
uname -m = x86_64
uname -r = 2.6.32-220.el6.x86_64
uname -s = Linux
uname -v = #1 SMP Tue Dec 6 19:48:22 GMT 2011

/usr/bin/uname -p = unknown
/bin/uname -X     = unknown

/bin/arch              = x86_64
/usr/bin/arch -k       = unknown
/usr/convex/getsysinfo = unknown
/usr/bin/hostinfo      = unknown
/bin/machine           = unknown
/usr/bin/oslevel       = unknown
/bin/universe          = unknown

PATH: /usr/lib64/qt-3.3/bin
PATH: /usr/local/bin
PATH: /bin
PATH: /usr/bin
PATH: /usr/local/sbin
PATH: /usr/sbin
PATH: /sbin
PATH: /disk/mongodb/bin
PATH: /home/haojie/bin


## ----------- ##
## Core tests. ##
## ----------- ##

configure:1873: checking for a BSD-compatible install
configure:1941: result: /usr/bin/install -c
configure:1952: checking whether build environment is sane
configure:2012: result: yes
configure:2153: checking for a thread-safe mkdir -p
configure:2192: result: /bin/mkdir -p
configure:2205: checking for gawk
configure:2221: found /bin/gawk
configure:2232: result: gawk
configure:2243: checking whether make sets $(MAKE)
configure:2265: result: yes
configure:2395: checking for gcc
configure:2411: found /usr/bin/gcc
configure:2422: result: gcc
configure:2654: checking for C compiler version
configure:2662: gcc --version >&5
gcc (GCC) 4.4.6 20120305 (Red Hat 4.4.6-4)
Copyright (C) 2010 Free Software Foundation, Inc.
This is free software; see the source for copying conditions.  There is NO
warranty; not even for MERCHANTABILITY or FITNESS FOR A PARTICULAR PURPOSE.

configure:2666: $? = 0
configure:2673: gcc -v >&5
Using built-in specs.
Target: x86_64-redhat-linux
Configured with: ../configure --prefix=/usr --mandir=/usr/share/man --infodir=/usr/share/info --with-bugurl=http://bugzilla.redhat.com/bugzilla --enable-bootstrap --enable-shared --enable-threads=posix --enable-checking=release --with-system-zlib --enable-__cxa_atexit --disable-libunwind-exceptions --enable-gnu-unique-object --enable-languages=c,c++,objc,obj-c++,java,fortran,ada --enable-java-awt=gtk --disable-dssi --with-java-home=/usr/lib/jvm/java-1.5.0-gcj-1.5.0.0/jre --enable-libgcj-multifile --enable-java-maintainer-mode --with-ecj-jar=/usr/share/java/eclipse-ecj.jar --disable-libjava-multilib --with-ppl --with-cloog --with-tune=generic --with-arch_32=i686 --build=x86_64-redhat-linux
Thread model: posix
gcc version 4.4.6 20120305 (Red Hat 4.4.6-4) (GCC) 
configure:2677: $? = 0
configure:2684: gcc -V >&5
gcc: '-V' option must have argument
configure:2688: $? = 1
configure:2711: checking for C compiler default output file name
configure:2733: gcc    conftest.c  >&5
configure:2737: $? = 0
configure:2775: result: a.out
configure:2794: checking whether the C compiler works
configure:2804: ./a.out
configure:2808: $? = 0
configure:2827: result: yes
configure:2834: checking whether we are cross compiling
configure:2836: result: no
configure:2839: checking for suffix of executables
configure:2846: gcc -o conftest    conftest.c  >&5
configure:2850: $? = 0
configure:2876: result: 
configure:2882: checking for suffix of object files
configure:2908: gcc -c   conftest.c >&5
configure:2912: $? = 0
configure:2937: result: o
configure:2941: checking whether we are using the GNU C compiler
configure:2970: gcc -c   conftest.c >&5
configure:2977: $? = 0
configure:2994: result: yes
configure:3003: checking whether gcc accepts -g
configure:3033: gcc -c -g  conftest.c >&5
configure:3040: $? = 0
configure:3141: result: yes
configure:3158: checking for gcc option to accept ISO C89
configure:3232: gcc  -c -g -O2  conftest.c >&5
configure:3239: $? = 0
configure:3262: result: none needed
configure:3291: checking for style of include used by make
configure:3319: result: GNU
configure:3344: checking dependency style of gcc
configure:3454: result: gcc3
configure:3470: checking for an ANSI C-conforming const
configure:3545: gcc -c -g -O2  conftest.c >&5
configure:3552: $? = 0
configure:3567: result: yes
configure:3582: checking how to run the C preprocessor
configure:3622: gcc -E  conftest.c
configure:3629: $? = 0
configure:3660: gcc -E  conftest.c
conftest.c:10:28: error: ac_nonexistent.h: No such file or directory
configure:3667: $? = 1
configure: failed program was:
| /* confdefs.h.  */
| #define PACKAGE_NAME "randdataset"
| #define PACKAGE_TARNAME "randdataset"
| #define PACKAGE_VERSION "1.0.1"
| #define PACKAGE_STRING "randdataset 1.0.1"
| #define PACKAGE_BUGREPORT "Hannes@HannesEder.net"
| #define PACKAGE "randdataset"
| #define VERSION "1.0.1"
| /* end confdefs.h.  */
| #include <ac_nonexistent.h>
configure:3700: result: gcc -E
configure:3729: gcc -E  conftest.c
configure:3736: $? = 0
configure:3767: gcc -E  conftest.c
conftest.c:10:28: error: ac_nonexistent.h: No such file or directory
configure:3774: $? = 1
configure: failed program was:
| /* confdefs.h.  */
| #define PACKAGE_NAME "randdataset"
| #define PACKAGE_TARNAME "randdataset"
| #define PACKAGE_VERSION "1.0.1"
| #define PACKAGE_STRING "randdataset 1.0.1"
| #define PACKAGE_BUGREPORT "Hannes@HannesEder.net"
| #define PACKAGE "randdataset"
| #define VERSION "1.0.1"
| /* end confdefs.h.  */
| #include <ac_nonexistent.h>
configure:3814: checking for grep that handles long lines and -e
configure:3874: result: /bin/grep
configure:3879: checking for egrep
configure:3943: result: /bin/grep -E
configure:3948: checking for ANSI C header files
configure:3978: gcc -c -g -O2  conftest.c >&5
configure:3985: $? = 0
configure:4084: gcc -o conftest -g -O2   conftest.c  >&5
configure:4088: $? = 0
configure:4094: ./conftest
configure:4098: $? = 0
configure:4116: result: yes
configure:4140: checking for sys/types.h
configure:4161: gcc -c -g -O2  conftest.c >&5
configure:4168: $? = 0
configure:4185: result: yes
configure:4140: checking for sys/stat.h
configure:4161: gcc -c -g -O2  conftest.c >&5
configure:4168: $? = 0
configure:4185: result: yes
configure:4140: checking for stdlib.h
configure:4161: gcc -c -g -O2  conftest.c >&5
configure:4168: $? = 0
configure:4185: result: yes
configure:4140: checking for string.h
configure:4161: gcc -c -g -O2  conftest.c >&5
configure:4168: $? = 0
configure:4185: result: yes
configure:4140: checking for memory.h
configure:4161: gcc -c -g -O2  conftest.c >&5
configure:4168: $? = 0
configure:4185: result: yes
configure:4140: checking for strings.h
configure:4161: gcc -c -g -O2  conftest.c >&5
configure:4168: $? = 0
configure:4185: result: yes
configure:4140: checking for inttypes.h
configure:4161: gcc -c -g -O2  conftest.c >&5
configure:4168: $? = 0
configure:4185: result: yes
configure:4140: checking for stdint.h
configure:4161: gcc -c -g -O2  conftest.c >&5
configure:4168: $? = 0
configure:4185: result: yes
configure:4140: checking for unistd.h
configure:4161: gcc -c -g -O2  conftest.c >&5
configure:4168: $? = 0
configure:4185: result: yes
configure:4215: checking float.h usability
configure:4232: gcc -c -g -O2  conftest.c >&5
configure:4239: $? = 0
configure:4253: result: yes
configure:4257: checking float.h presence
configure:4272: gcc -E  conftest.c
configure:4279: $? = 0
configure:4293: result: yes
configure:4326: checking for float.h
configure:4335: result: yes
configure:4366: checking libgen.h usability
configure:4383: gcc -c -g -O2  conftest.c >&5
configure:4390: $? = 0
configure:4404: result: yes
configure:4408: checking libgen.h presence
configure:4423: gcc -E  conftest.c
configure:4430: $? = 0
configure:4444: result: yes
configure:4477: checking for libgen.h
configure:4486: result: yes
configure:4506: checking for stdlib.h
configure:4513: result: yes
configure:4657: checking for string.h
configure:4664: result: yes
configure:4808: checking for unistd.h
configure:4815: result: yes
configure:4959: checking for stdlib.h
configure:4966: result: yes
configure:5105: checking for GNU libc compatible malloc
configure:5139: gcc -o conftest -g -O2   conftest.c  >&5
configure:5143: $? = 0
configure:5149: ./conftest
configure:5153: $? = 0
configure:5170: result: yes
configure:5202: checking for basename
configure:5258: gcc -o conftest -g -O2   conftest.c  >&5
configure:5265: $? = 0
configure:5287: result: yes
configure:5303: checking for getopt
configure:5359: gcc -o conftest -g -O2   conftest.c  >&5
configure:5366: $? = 0
configure:5388: result: yes
configure:5404: checking for snprintf
configure:5460: gcc -o conftest -g -O2   conftest.c  >&5
conftest.c:52: warning: conflicting types for built-in function 'snprintf'
configure:5467: $? = 0
configure:5489: result: yes
configure:5505: checking for sqrt
configure:5561: gcc -o conftest -g -O2   conftest.c  >&5
conftest.c:53: warning: conflicting types for built-in function 'sqrt'
/tmp/ccDOoATR.o: In function `main':
/disk/skyline/SkylineGeneral/randdataset-1.0.1/conftest.c:64: undefined reference to `sqrt'
collect2: ld returned 1 exit status
configure:5568: $? = 1
configure: failed program was:
| /* confdefs.h.  */
| #define PACKAGE_NAME "randdataset"
| #define PACKAGE_TARNAME "randdataset"
| #define PACKAGE_VERSION "1.0.1"
| #define PACKAGE_STRING "randdataset 1.0.1"
| #define PACKAGE_BUGREPORT "Hannes@HannesEder.net"
| #define PACKAGE "randdataset"
| #define VERSION "1.0.1"
| #define STDC_HEADERS 1
| #define HAVE_SYS_TYPES_H 1
| #define HAVE_SYS_STAT_H 1
| #define HAVE_STDLIB_H 1
| #define HAVE_STRING_H 1
| #define HAVE_MEMORY_H 1
| #define HAVE_STRINGS_H 1
| #define HAVE_INTTYPES_H 1
| #define HAVE_STDINT_H 1
| #define HAVE_UNISTD_H 1
| #define HAVE_FLOAT_H 1
| #define HAVE_LIBGEN_H 1
| #define HAVE_STDLIB_H 1
| #define HAVE_STRING_H 1
| #define HAVE_UNISTD_H 1
| #define HAVE_STDLIB_H 1
| #define HAVE_MALLOC 1
| #define HAVE_BASENAME 1
| #define HAVE_GETOPT 1
| #define HAVE_SNPRINTF 1
| /* end confdefs.h.  */
| /* Define sqrt to an innocuous variant, in case <limits.h> declares sqrt.
|    For example, HP-UX 11i <limits.h> declares gettimeofday.  */
| #define sqrt innocuous_sqrt
| 
| /* System header to define __stub macros and hopefully few prototypes,
|     which can conflict with char sqrt (); below.
|     Prefer <limits.h> to <assert.h> if __STDC__ is defined, since
|     <limits.h> exists even on freestanding compilers.  */
| 
| #ifdef __STDC__
| # include <limits.h>
| #else
| # include <assert.h>
| #endif
| 
| #undef sqrt
| 
| /* Override any GCC internal prototype to avoid an error.
|    Use char because int might match the return type of a GCC
|    builtin and then its argument prototype would still apply.  */
| #ifdef __cplusplus
| extern "C"
| #endif
| char sqrt ();
| /* The GNU C library defines this for functions which it implements
|     to always fail with ENOSYS.  Some functions are actually named
|     something starting with __ and the normal name is an alias.  */
| #if defined __stub_sqrt || defined __stub___sqrt
| choke me
| #endif
| 
| int
| main ()
| {
| return sqrt ();
|   ;
|   return 0;
| }
configure:5590: result: no
configure:5603: checking for sqrt in -lm
configure:5638: gcc -o conftest -g -O2   conftest.c -lm   >&5
conftest.c:37: warning: conflicting types for built-in function 'sqrt'
configure:5645: $? = 0
configure:5666: result: yes
configure:5805: creating ./config.status

## ---------------------- ##
## Running config.status. ##
## ---------------------- ##

This file was extended by randdataset config.status 1.0.1, which was
generated by GNU Autoconf 2.63.  Invocation command line was

  CONFIG_FILES    = 
  CONFIG_HEADERS  = 
  CONFIG_LINKS    = 
  CONFIG_COMMANDS = 
  $ ./config.status 

on internal.hostname.DOMAIN.com

config.status:783: creating Makefile
config.status:783: creating src/Makefile
config.status:783: creating config.h
config.status:1005: config.h is unchanged
config.status:1057: executing depfiles commands

## ---------------- ##
## Cache variables. ##
## ---------------- ##

ac_cv_c_compiler_gnu=yes
ac_cv_c_const=yes
ac_cv_env_CC_set=
ac_cv_env_CC_value=
ac_cv_env_CFLAGS_set=
ac_cv_env_CFLAGS_value=
ac_cv_env_CPPFLAGS_set=
ac_cv_env_CPPFLAGS_value=
ac_cv_env_CPP_set=
ac_cv_env_CPP_value=
ac_cv_env_LDFLAGS_set=
ac_cv_env_LDFLAGS_value=
ac_cv_env_LIBS_set=
ac_cv_env_LIBS_value=
ac_cv_env_build_alias_set=
ac_cv_env_build_alias_value=
ac_cv_env_host_alias_set=
ac_cv_env_host_alias_value=
ac_cv_env_target_alias_set=
ac_cv_env_target_alias_value=
ac_cv_func_basename=yes
ac_cv_func_getopt=yes
ac_cv_func_malloc_0_nonnull=yes
ac_cv_func_snprintf=yes
ac_cv_func_sqrt=no
ac_cv_header_float_h=yes
ac_cv_header_inttypes_h=yes
ac_cv_header_libgen_h=yes
ac_cv_header_memory_h=yes
ac_cv_header_stdc=yes
ac_cv_header_stdint_h=yes
ac_cv_header_stdlib_h=yes
ac_cv_header_string_h=yes
ac_cv_header_strings_h=yes
ac_cv_header_sys_stat_h=yes
ac_cv_header_sys_types_h=yes
ac_cv_header_unistd_h=yes
ac_cv_lib_m_sqrt=yes
ac_cv_objext=o
ac_cv_path_EGREP='/bin/grep -E'
ac_cv_path_GREP=/bin/grep
ac_cv_path_install='/usr/bin/install -c'
ac_cv_path_mkdir=/bin/mkdir
ac_cv_prog_AWK=gawk
ac_cv_prog_CPP='gcc -E'
ac_cv_prog_ac_ct_CC=gcc
ac_cv_prog_cc_c89=
ac_cv_prog_cc_g=yes
ac_cv_prog_make_make_set=yes
am_cv_CC_dependencies_compiler_type=gcc3

## ----------------- ##
## Output variables. ##
## ----------------- ##

ACLOCAL='${SHELL} /disk/skyline/SkylineGeneral/randdataset-1.0.1/missing --run aclocal-1.11'
AMDEPBACKSLASH='\'
AMDEP_FALSE='#'
AMDEP_TRUE=''
AMTAR='${SHELL} /disk/skyline/SkylineGeneral/randdataset-1.0.1/missing --run tar'
AUTOCONF='${SHELL} /disk/skyline/SkylineGeneral/randdataset-1.0.1/missing --run autoconf'
AUTOHEADER='${SHELL} /disk/skyline/SkylineGeneral/randdataset-1.0.1/missing --run autoheader'
AUTOMAKE='${SHELL} /disk/skyline/SkylineGeneral/randdataset-1.0.1/missing --run automake-1.11'
AWK='gawk'
CC='gcc'
CCDEPMODE='depmode=gcc3'
CFLAGS='-g -O2'
CPP='gcc -E'
CPPFLAGS=''
CYGPATH_W='echo'
DEFS='-DHAVE_CONFIG_H'
DEPDIR='.deps'
ECHO_C=''
ECHO_N='-n'
ECHO_T=''
EGREP='/bin/grep -E'
EXEEXT=''
GREP='/bin/grep'
INSTALL_DATA='${INSTALL} -m 644'
INSTALL_PROGRAM='${INSTALL}'
INSTALL_SCRIPT='${INSTALL}'
INSTALL_STRIP_PROGRAM='$(install_sh) -c -s'
LDFLAGS=''
LIBOBJS=''
LIBS='-lm '
LTLIBOBJS=''
MAKEINFO='${SHELL} /disk/skyline/SkylineGeneral/randdataset-1.0.1/missing --run makeinfo'
MKDIR_P='/bin/mkdir -p'
OBJEXT='o'
PACKAGE='randdataset'
PACKAGE_BUGREPORT='Hannes@HannesEder.net'
PACKAGE_NAME='randdataset'
PACKAGE_STRING='randdataset 1.0.1'
PACKAGE_TARNAME='randdataset'
PACKAGE_VERSION='1.0.1'
PATH_SEPARATOR=':'
SET_MAKE=''
SHELL='/bin/sh'
STRIP=''
VERSION='1.0.1'
ac_ct_CC='gcc'
am__EXEEXT_FALSE=''
am__EXEEXT_TRUE='#'
am__fastdepCC_FALSE='#'
am__fastdepCC_TRUE=''
am__include='include'
am__isrc=''
am__leading_dot='.'
am__quote=''
am__tar='${AMTAR} chof - "$$tardir"'
am__untar='${AMTAR} xf -'
bindir='${exec_prefix}/bin'
build_alias=''
datadir='${datarootdir}'
datarootdir='${prefix}/share'
docdir='${datarootdir}/doc/${PACKAGE_TARNAME}'
dvidir='${docdir}'
exec_prefix='${prefix}'
host_alias=''
htmldir='${docdir}'
includedir='${prefix}/include'
infodir='${datarootdir}/info'
install_sh='${SHELL} /disk/skyline/SkylineGeneral/randdataset-1.0.1/install-sh'
libdir='${exec_prefix}/lib'
libexecdir='${exec_prefix}/libexec'
localedir='${datarootdir}/locale'
localstatedir='${prefix}/var'
mandir='${datarootdir}/man'
mkdir_p='/bin/mkdir -p'
oldincludedir='/usr/include'
pdfdir='${docdir}'
prefix='/usr/local'
program_transform_name='s,x,x,'
psdir='${docdir}'
sbindir='${exec_prefix}/sbin'
sharedstatedir='${prefix}/com'
sysconfdir='${prefix}/etc'
target_alias=''

## ----------- ##
## confdefs.h. ##
## ----------- ##

#define PACKAGE_NAME "randdataset"
#define PACKAGE_TARNAME "randdataset"
#define PACKAGE_VERSION "1.0.1"
#define PACKAGE_STRING "randdataset 1.0.1"
#define PACKAGE_BUGREPORT "Hannes@HannesEder.net"
#define PACKAGE "randdataset"
#define VERSION "1.0.1"
#define STDC_HEADERS 1
#define HAVE_SYS_TYPES_H 1
#define HAVE_SYS_STAT_H 1
#define HAVE_STDLIB_H 1
#define HAVE_STRING_H 1
#define HAVE_MEMORY_H 1
#define HAVE_STRINGS_H 1
#define HAVE_INTTYPES_H 1
#define HAVE_STDINT_H 1
#define HAVE_UNISTD_H 1
#define HAVE_FLOAT_H 1
#define HAVE_LIBGEN_H 1
#define HAVE_STDLIB_H 1
#define HAVE_STRING_H 1
#define HAVE_UNISTD_H 1
#define HAVE_STDLIB_H 1
#define HAVE_MALLOC 1
#define HAVE_BASENAME 1
#define HAVE_GETOPT 1
#define HAVE_SNPRINTF 1
#define HAVE_LIBM 1

configure: exit 0
